{"obj": {"type": "AssignString", "path": ["sys", "name"], "value": "Untitled"}, "version": 1}
{"obj": {"type": "AssignString", "path": ["sys", "description"], "value": ""}, "version": 2}
{"obj": {"type": "AssignString", "path": ["sys", "hostname"], "value": "fongsu-MS-7A78"}, "version": 3}
{"obj": {"type": "AssignBool", "path": ["sys", "failed"], "value": false}, "version": 4}
{"obj": {"type": "ClearStringLog", "path": ["monitoring", "stdout"]}, "version": 5}
{"obj": {"type": "ClearStringLog", "path": ["monitoring", "stderr"]}, "version": 6}
{"obj": {"type": "LogStrings", "path": ["monitoring", "stderr"], "values": [{"value": "psutil is not installed. Hardware metrics will not be collected.\n", "step": null, "ts": 1629876979.9232857}]}, "version": 7}
{"obj": {"type": "LogStrings", "path": ["monitoring", "stdout"], "values": [{"value": "", "step": null, "ts": 1629876979.9396546}]}, "version": 8}
{"obj": {"type": "LogStrings", "path": ["monitoring", "stdout"], "values": [{"value": "https://app.neptune.ai/oliversssf2/qg-demo/e/QGDEMO-2\n", "step": null, "ts": 1629876979.940028}]}, "version": 9}
{"obj": {"type": "LogStrings", "path": ["monitoring", "stdout"], "values": [{"value": "Remember to stop your run once you\u2019ve finished logging your metadata (https://docs.neptune.ai/api-reference/run#stop). It will be stopped automatically only when the notebook kernel/interactive console is terminated.\n", "step": null, "ts": 1629876979.9406571}]}, "version": 10}
{"obj": {"type": "AssignString", "path": ["JIRA"], "value": "NPT-952"}, "version": 11}
{"obj": {"type": "AssignString", "path": ["algorithm"], "value": "ConvNet"}, "version": 12}
{"obj": {"type": "AssignInt", "path": ["parameters", "batch_size"], "value": 64}, "version": 13}
{"obj": {"type": "AssignFloat", "path": ["parameters", "dropout"], "value": 0.2}, "version": 14}
{"obj": {"type": "AssignFloat", "path": ["parameters", "learning_rate"], "value": 0.001}, "version": 15}
{"obj": {"type": "AssignString", "path": ["parameters", "optimizer"], "value": "Adam"}, "version": 16}
{"obj": {"type": "LogFloats", "path": ["train", "accuracy"], "values": [{"value": 0.0, "step": null, "ts": 1629876979.9430282}]}, "version": 17}
{"obj": {"type": "LogFloats", "path": ["train", "loss"], "values": [{"value": 0.0, "step": null, "ts": 1629876979.9432046}]}, "version": 18}
{"obj": {"type": "LogFloats", "path": ["train", "accuracy"], "values": [{"value": 0.6, "step": null, "ts": 1629876979.943348}]}, "version": 19}
{"obj": {"type": "LogFloats", "path": ["train", "loss"], "values": [{"value": 0.4, "step": null, "ts": 1629876979.9434314}]}, "version": 20}
{"obj": {"type": "LogFloats", "path": ["train", "accuracy"], "values": [{"value": 1.2, "step": null, "ts": 1629876979.9435027}]}, "version": 21}
{"obj": {"type": "LogFloats", "path": ["train", "loss"], "values": [{"value": 0.8, "step": null, "ts": 1629876979.94357}]}, "version": 22}
{"obj": {"type": "LogFloats", "path": ["train", "accuracy"], "values": [{"value": 1.7999999999999998, "step": null, "ts": 1629876979.943645}]}, "version": 23}
{"obj": {"type": "LogFloats", "path": ["train", "loss"], "values": [{"value": 1.2000000000000002, "step": null, "ts": 1629876979.9437506}]}, "version": 24}
{"obj": {"type": "LogFloats", "path": ["train", "accuracy"], "values": [{"value": 2.4, "step": null, "ts": 1629876979.943864}]}, "version": 25}
{"obj": {"type": "LogFloats", "path": ["train", "loss"], "values": [{"value": 1.6, "step": null, "ts": 1629876979.9439812}]}, "version": 26}
{"obj": {"type": "LogFloats", "path": ["train", "accuracy"], "values": [{"value": 3.0, "step": null, "ts": 1629876979.9440806}]}, "version": 27}
{"obj": {"type": "LogFloats", "path": ["train", "loss"], "values": [{"value": 2.0, "step": null, "ts": 1629876979.9441516}]}, "version": 28}
{"obj": {"type": "LogFloats", "path": ["train", "accuracy"], "values": [{"value": 3.5999999999999996, "step": null, "ts": 1629876979.9442174}]}, "version": 29}
{"obj": {"type": "LogFloats", "path": ["train", "loss"], "values": [{"value": 2.4000000000000004, "step": null, "ts": 1629876979.944282}]}, "version": 30}
{"obj": {"type": "LogFloats", "path": ["train", "accuracy"], "values": [{"value": 4.2, "step": null, "ts": 1629876979.9443464}]}, "version": 31}
{"obj": {"type": "LogFloats", "path": ["train", "loss"], "values": [{"value": 2.8000000000000003, "step": null, "ts": 1629876979.9444094}]}, "version": 32}
{"obj": {"type": "LogFloats", "path": ["train", "accuracy"], "values": [{"value": 4.8, "step": null, "ts": 1629876979.9444735}]}, "version": 33}
{"obj": {"type": "LogFloats", "path": ["train", "loss"], "values": [{"value": 3.2, "step": null, "ts": 1629876979.944537}]}, "version": 34}
{"obj": {"type": "LogFloats", "path": ["train", "accuracy"], "values": [{"value": 5.3999999999999995, "step": null, "ts": 1629876979.9446008}]}, "version": 35}
{"obj": {"type": "LogFloats", "path": ["train", "loss"], "values": [{"value": 3.6, "step": null, "ts": 1629876979.9446633}]}, "version": 36}
{"obj": {"type": "LogFloats", "path": ["train", "accuracy"], "values": [{"value": 6.0, "step": null, "ts": 1629876979.9447267}]}, "version": 37}
{"obj": {"type": "LogFloats", "path": ["train", "loss"], "values": [{"value": 4.0, "step": null, "ts": 1629876979.944789}]}, "version": 38}
{"obj": {"type": "LogFloats", "path": ["train", "accuracy"], "values": [{"value": 6.6, "step": null, "ts": 1629876979.9448516}]}, "version": 39}
{"obj": {"type": "LogFloats", "path": ["train", "loss"], "values": [{"value": 4.4, "step": null, "ts": 1629876979.9449143}]}, "version": 40}
{"obj": {"type": "LogFloats", "path": ["train", "accuracy"], "values": [{"value": 7.199999999999999, "step": null, "ts": 1629876979.944977}]}, "version": 41}
{"obj": {"type": "LogFloats", "path": ["train", "loss"], "values": [{"value": 4.800000000000001, "step": null, "ts": 1629876979.945041}]}, "version": 42}
{"obj": {"type": "LogFloats", "path": ["train", "accuracy"], "values": [{"value": 7.8, "step": null, "ts": 1629876979.9451084}]}, "version": 43}
{"obj": {"type": "LogFloats", "path": ["train", "loss"], "values": [{"value": 5.2, "step": null, "ts": 1629876979.9451702}]}, "version": 44}
{"obj": {"type": "LogFloats", "path": ["train", "accuracy"], "values": [{"value": 8.4, "step": null, "ts": 1629876979.9452326}]}, "version": 45}
{"obj": {"type": "LogFloats", "path": ["train", "loss"], "values": [{"value": 5.6000000000000005, "step": null, "ts": 1629876979.9452953}]}, "version": 46}
{"obj": {"type": "LogFloats", "path": ["train", "accuracy"], "values": [{"value": 9.0, "step": null, "ts": 1629876979.9453595}]}, "version": 47}
{"obj": {"type": "LogFloats", "path": ["train", "loss"], "values": [{"value": 6.0, "step": null, "ts": 1629876979.9454267}]}, "version": 48}
{"obj": {"type": "LogFloats", "path": ["train", "accuracy"], "values": [{"value": 9.6, "step": null, "ts": 1629876979.9454906}]}, "version": 49}
{"obj": {"type": "LogFloats", "path": ["train", "loss"], "values": [{"value": 6.4, "step": null, "ts": 1629876979.9455528}]}, "version": 50}
{"obj": {"type": "LogFloats", "path": ["train", "accuracy"], "values": [{"value": 10.2, "step": null, "ts": 1629876979.9456158}]}, "version": 51}
{"obj": {"type": "LogFloats", "path": ["train", "loss"], "values": [{"value": 6.800000000000001, "step": null, "ts": 1629876979.9456787}]}, "version": 52}
{"obj": {"type": "LogFloats", "path": ["train", "accuracy"], "values": [{"value": 10.799999999999999, "step": null, "ts": 1629876979.9457486}]}, "version": 53}
{"obj": {"type": "LogFloats", "path": ["train", "loss"], "values": [{"value": 7.2, "step": null, "ts": 1629876979.9458122}]}, "version": 54}
{"obj": {"type": "LogFloats", "path": ["train", "accuracy"], "values": [{"value": 11.4, "step": null, "ts": 1629876979.9458747}]}, "version": 55}
{"obj": {"type": "LogFloats", "path": ["train", "loss"], "values": [{"value": 7.6000000000000005, "step": null, "ts": 1629876979.9459403}]}, "version": 56}
{"obj": {"type": "LogFloats", "path": ["train", "accuracy"], "values": [{"value": 12.0, "step": null, "ts": 1629876979.946003}]}, "version": 57}
{"obj": {"type": "LogFloats", "path": ["train", "loss"], "values": [{"value": 8.0, "step": null, "ts": 1629876979.946065}]}, "version": 58}
{"obj": {"type": "LogFloats", "path": ["train", "accuracy"], "values": [{"value": 12.6, "step": null, "ts": 1629876979.9461272}]}, "version": 59}
{"obj": {"type": "LogFloats", "path": ["train", "loss"], "values": [{"value": 8.4, "step": null, "ts": 1629876979.9461892}]}, "version": 60}
{"obj": {"type": "LogFloats", "path": ["train", "accuracy"], "values": [{"value": 13.2, "step": null, "ts": 1629876979.9462507}]}, "version": 61}
{"obj": {"type": "LogFloats", "path": ["train", "loss"], "values": [{"value": 8.8, "step": null, "ts": 1629876979.9463222}]}, "version": 62}
{"obj": {"type": "LogFloats", "path": ["train", "accuracy"], "values": [{"value": 13.799999999999999, "step": null, "ts": 1629876979.9464083}]}, "version": 63}
{"obj": {"type": "LogFloats", "path": ["train", "loss"], "values": [{"value": 9.200000000000001, "step": null, "ts": 1629876979.9464734}]}, "version": 64}
{"obj": {"type": "LogFloats", "path": ["train", "accuracy"], "values": [{"value": 14.399999999999999, "step": null, "ts": 1629876979.946537}]}, "version": 65}
{"obj": {"type": "LogFloats", "path": ["train", "loss"], "values": [{"value": 9.600000000000001, "step": null, "ts": 1629876979.9466004}]}, "version": 66}
{"obj": {"type": "LogFloats", "path": ["train", "accuracy"], "values": [{"value": 15.0, "step": null, "ts": 1629876979.946664}]}, "version": 67}
{"obj": {"type": "LogFloats", "path": ["train", "loss"], "values": [{"value": 10.0, "step": null, "ts": 1629876979.9467263}]}, "version": 68}
{"obj": {"type": "LogFloats", "path": ["train", "accuracy"], "values": [{"value": 15.6, "step": null, "ts": 1629876979.9467885}]}, "version": 69}
{"obj": {"type": "LogFloats", "path": ["train", "loss"], "values": [{"value": 10.4, "step": null, "ts": 1629876979.9468515}]}, "version": 70}
{"obj": {"type": "LogFloats", "path": ["train", "accuracy"], "values": [{"value": 16.2, "step": null, "ts": 1629876979.946915}]}, "version": 71}
{"obj": {"type": "LogFloats", "path": ["train", "loss"], "values": [{"value": 10.8, "step": null, "ts": 1629876979.9469771}]}, "version": 72}
{"obj": {"type": "LogFloats", "path": ["train", "accuracy"], "values": [{"value": 16.8, "step": null, "ts": 1629876979.9470391}]}, "version": 73}
{"obj": {"type": "LogFloats", "path": ["train", "loss"], "values": [{"value": 11.200000000000001, "step": null, "ts": 1629876979.9471006}]}, "version": 74}
{"obj": {"type": "LogFloats", "path": ["train", "accuracy"], "values": [{"value": 17.4, "step": null, "ts": 1629876979.9471734}]}, "version": 75}
{"obj": {"type": "LogFloats", "path": ["train", "loss"], "values": [{"value": 11.600000000000001, "step": null, "ts": 1629876979.9472287}]}, "version": 76}
{"obj": {"type": "LogFloats", "path": ["train", "accuracy"], "values": [{"value": 18.0, "step": null, "ts": 1629876979.947285}]}, "version": 77}
{"obj": {"type": "LogFloats", "path": ["train", "loss"], "values": [{"value": 12.0, "step": null, "ts": 1629876979.9473405}]}, "version": 78}
{"obj": {"type": "LogFloats", "path": ["train", "accuracy"], "values": [{"value": 18.599999999999998, "step": null, "ts": 1629876979.9473968}]}, "version": 79}
{"obj": {"type": "LogFloats", "path": ["train", "loss"], "values": [{"value": 12.4, "step": null, "ts": 1629876979.947454}]}, "version": 80}
{"obj": {"type": "LogFloats", "path": ["train", "accuracy"], "values": [{"value": 19.2, "step": null, "ts": 1629876979.9475613}]}, "version": 81}
{"obj": {"type": "LogFloats", "path": ["train", "loss"], "values": [{"value": 12.8, "step": null, "ts": 1629876979.9476595}]}, "version": 82}
{"obj": {"type": "LogFloats", "path": ["train", "accuracy"], "values": [{"value": 19.8, "step": null, "ts": 1629876979.9477563}]}, "version": 83}
{"obj": {"type": "LogFloats", "path": ["train", "loss"], "values": [{"value": 13.200000000000001, "step": null, "ts": 1629876979.9478605}]}, "version": 84}
{"obj": {"type": "LogFloats", "path": ["train", "accuracy"], "values": [{"value": 20.4, "step": null, "ts": 1629876979.9479568}]}, "version": 85}
{"obj": {"type": "LogFloats", "path": ["train", "loss"], "values": [{"value": 13.600000000000001, "step": null, "ts": 1629876979.9480503}]}, "version": 86}
{"obj": {"type": "LogFloats", "path": ["train", "accuracy"], "values": [{"value": 21.0, "step": null, "ts": 1629876979.9481497}]}, "version": 87}
{"obj": {"type": "LogFloats", "path": ["train", "loss"], "values": [{"value": 14.0, "step": null, "ts": 1629876979.948245}]}, "version": 88}
{"obj": {"type": "LogFloats", "path": ["train", "accuracy"], "values": [{"value": 21.599999999999998, "step": null, "ts": 1629876979.94834}]}, "version": 89}
{"obj": {"type": "LogFloats", "path": ["train", "loss"], "values": [{"value": 14.4, "step": null, "ts": 1629876979.9484375}]}, "version": 90}
{"obj": {"type": "LogFloats", "path": ["train", "accuracy"], "values": [{"value": 22.2, "step": null, "ts": 1629876979.9485345}]}, "version": 91}
{"obj": {"type": "LogFloats", "path": ["train", "loss"], "values": [{"value": 14.8, "step": null, "ts": 1629876979.9486315}]}, "version": 92}
{"obj": {"type": "LogFloats", "path": ["train", "accuracy"], "values": [{"value": 22.8, "step": null, "ts": 1629876979.948727}]}, "version": 93}
{"obj": {"type": "LogFloats", "path": ["train", "loss"], "values": [{"value": 15.200000000000001, "step": null, "ts": 1629876979.948823}]}, "version": 94}
{"obj": {"type": "LogFloats", "path": ["train", "accuracy"], "values": [{"value": 23.4, "step": null, "ts": 1629876979.9489224}]}, "version": 95}
{"obj": {"type": "LogFloats", "path": ["train", "loss"], "values": [{"value": 15.600000000000001, "step": null, "ts": 1629876979.949023}]}, "version": 96}
{"obj": {"type": "LogFloats", "path": ["train", "accuracy"], "values": [{"value": 24.0, "step": null, "ts": 1629876979.9491239}]}, "version": 97}
{"obj": {"type": "LogFloats", "path": ["train", "loss"], "values": [{"value": 16.0, "step": null, "ts": 1629876979.949222}]}, "version": 98}
{"obj": {"type": "LogFloats", "path": ["train", "accuracy"], "values": [{"value": 24.599999999999998, "step": null, "ts": 1629876979.9492943}]}, "version": 99}
{"obj": {"type": "LogFloats", "path": ["train", "loss"], "values": [{"value": 16.400000000000002, "step": null, "ts": 1629876979.949358}]}, "version": 100}
{"obj": {"type": "LogFloats", "path": ["train", "accuracy"], "values": [{"value": 25.2, "step": null, "ts": 1629876979.949419}]}, "version": 101}
{"obj": {"type": "LogFloats", "path": ["train", "loss"], "values": [{"value": 16.8, "step": null, "ts": 1629876979.949477}]}, "version": 102}
{"obj": {"type": "LogFloats", "path": ["train", "accuracy"], "values": [{"value": 25.8, "step": null, "ts": 1629876979.9495337}]}, "version": 103}
{"obj": {"type": "LogFloats", "path": ["train", "loss"], "values": [{"value": 17.2, "step": null, "ts": 1629876979.9495897}]}, "version": 104}
{"obj": {"type": "LogFloats", "path": ["train", "accuracy"], "values": [{"value": 26.4, "step": null, "ts": 1629876979.9496455}]}, "version": 105}
{"obj": {"type": "LogFloats", "path": ["train", "loss"], "values": [{"value": 17.6, "step": null, "ts": 1629876979.9497015}]}, "version": 106}
{"obj": {"type": "LogFloats", "path": ["train", "accuracy"], "values": [{"value": 27.0, "step": null, "ts": 1629876979.9497583}]}, "version": 107}
{"obj": {"type": "LogFloats", "path": ["train", "loss"], "values": [{"value": 18.0, "step": null, "ts": 1629876979.9498138}]}, "version": 108}
{"obj": {"type": "LogFloats", "path": ["train", "accuracy"], "values": [{"value": 27.599999999999998, "step": null, "ts": 1629876979.949871}]}, "version": 109}
{"obj": {"type": "LogFloats", "path": ["train", "loss"], "values": [{"value": 18.400000000000002, "step": null, "ts": 1629876979.949927}]}, "version": 110}
{"obj": {"type": "LogFloats", "path": ["train", "accuracy"], "values": [{"value": 28.2, "step": null, "ts": 1629876979.9499838}]}, "version": 111}
{"obj": {"type": "LogFloats", "path": ["train", "loss"], "values": [{"value": 18.8, "step": null, "ts": 1629876979.9500647}]}, "version": 112}
{"obj": {"type": "LogFloats", "path": ["train", "accuracy"], "values": [{"value": 28.799999999999997, "step": null, "ts": 1629876979.9501412}]}, "version": 113}
{"obj": {"type": "LogFloats", "path": ["train", "loss"], "values": [{"value": 19.200000000000003, "step": null, "ts": 1629876979.9501996}]}, "version": 114}
{"obj": {"type": "LogFloats", "path": ["train", "accuracy"], "values": [{"value": 29.4, "step": null, "ts": 1629876979.950257}]}, "version": 115}
{"obj": {"type": "LogFloats", "path": ["train", "loss"], "values": [{"value": 19.6, "step": null, "ts": 1629876979.9503138}]}, "version": 116}
{"obj": {"type": "LogFloats", "path": ["train", "accuracy"], "values": [{"value": 30.0, "step": null, "ts": 1629876979.9503698}]}, "version": 117}
{"obj": {"type": "LogFloats", "path": ["train", "loss"], "values": [{"value": 20.0, "step": null, "ts": 1629876979.9504466}]}, "version": 118}
{"obj": {"type": "LogFloats", "path": ["train", "accuracy"], "values": [{"value": 30.599999999999998, "step": null, "ts": 1629876979.9505045}]}, "version": 119}
{"obj": {"type": "LogFloats", "path": ["train", "loss"], "values": [{"value": 20.400000000000002, "step": null, "ts": 1629876979.9505603}]}, "version": 120}
{"obj": {"type": "LogFloats", "path": ["train", "accuracy"], "values": [{"value": 31.2, "step": null, "ts": 1629876979.9506168}]}, "version": 121}
{"obj": {"type": "LogFloats", "path": ["train", "loss"], "values": [{"value": 20.8, "step": null, "ts": 1629876979.9506726}]}, "version": 122}
{"obj": {"type": "LogFloats", "path": ["train", "accuracy"], "values": [{"value": 31.799999999999997, "step": null, "ts": 1629876979.9507284}]}, "version": 123}
{"obj": {"type": "LogFloats", "path": ["train", "loss"], "values": [{"value": 21.200000000000003, "step": null, "ts": 1629876979.9507837}]}, "version": 124}
{"obj": {"type": "LogFloats", "path": ["train", "accuracy"], "values": [{"value": 32.4, "step": null, "ts": 1629876979.9508393}]}, "version": 125}
{"obj": {"type": "LogFloats", "path": ["train", "loss"], "values": [{"value": 21.6, "step": null, "ts": 1629876979.9508948}]}, "version": 126}
{"obj": {"type": "LogFloats", "path": ["train", "accuracy"], "values": [{"value": 33.0, "step": null, "ts": 1629876979.9509504}]}, "version": 127}
{"obj": {"type": "LogFloats", "path": ["train", "loss"], "values": [{"value": 22.0, "step": null, "ts": 1629876979.9510062}]}, "version": 128}
{"obj": {"type": "LogFloats", "path": ["train", "accuracy"], "values": [{"value": 33.6, "step": null, "ts": 1629876979.9510612}]}, "version": 129}
{"obj": {"type": "LogFloats", "path": ["train", "loss"], "values": [{"value": 22.400000000000002, "step": null, "ts": 1629876979.9511156}]}, "version": 130}
{"obj": {"type": "LogFloats", "path": ["train", "accuracy"], "values": [{"value": 34.199999999999996, "step": null, "ts": 1629876979.9511714}]}, "version": 131}
{"obj": {"type": "LogFloats", "path": ["train", "loss"], "values": [{"value": 22.8, "step": null, "ts": 1629876979.951227}]}, "version": 132}
{"obj": {"type": "LogFloats", "path": ["train", "accuracy"], "values": [{"value": 34.8, "step": null, "ts": 1629876979.9512815}]}, "version": 133}
{"obj": {"type": "LogFloats", "path": ["train", "loss"], "values": [{"value": 23.200000000000003, "step": null, "ts": 1629876979.951337}]}, "version": 134}
{"obj": {"type": "LogFloats", "path": ["train", "accuracy"], "values": [{"value": 35.4, "step": null, "ts": 1629876979.9513931}]}, "version": 135}
{"obj": {"type": "LogFloats", "path": ["train", "loss"], "values": [{"value": 23.6, "step": null, "ts": 1629876979.9514487}]}, "version": 136}
{"obj": {"type": "LogFloats", "path": ["train", "accuracy"], "values": [{"value": 36.0, "step": null, "ts": 1629876979.9515345}]}, "version": 137}
{"obj": {"type": "LogFloats", "path": ["train", "loss"], "values": [{"value": 24.0, "step": null, "ts": 1629876979.9516342}]}, "version": 138}
{"obj": {"type": "LogFloats", "path": ["train", "accuracy"], "values": [{"value": 36.6, "step": null, "ts": 1629876979.9517317}]}, "version": 139}
{"obj": {"type": "LogFloats", "path": ["train", "loss"], "values": [{"value": 24.400000000000002, "step": null, "ts": 1629876979.9518254}]}, "version": 140}
{"obj": {"type": "LogFloats", "path": ["train", "accuracy"], "values": [{"value": 37.199999999999996, "step": null, "ts": 1629876979.9518914}]}, "version": 141}
{"obj": {"type": "LogFloats", "path": ["train", "loss"], "values": [{"value": 24.8, "step": null, "ts": 1629876979.9519508}]}, "version": 142}
{"obj": {"type": "LogFloats", "path": ["train", "accuracy"], "values": [{"value": 37.8, "step": null, "ts": 1629876979.9520082}]}, "version": 143}
{"obj": {"type": "LogFloats", "path": ["train", "loss"], "values": [{"value": 25.200000000000003, "step": null, "ts": 1629876979.9520779}]}, "version": 144}
{"obj": {"type": "LogFloats", "path": ["train", "accuracy"], "values": [{"value": 38.4, "step": null, "ts": 1629876979.952169}]}, "version": 145}
{"obj": {"type": "LogFloats", "path": ["train", "loss"], "values": [{"value": 25.6, "step": null, "ts": 1629876979.9522223}]}, "version": 146}
{"obj": {"type": "LogFloats", "path": ["train", "accuracy"], "values": [{"value": 39.0, "step": null, "ts": 1629876979.952274}]}, "version": 147}
{"obj": {"type": "LogFloats", "path": ["train", "loss"], "values": [{"value": 26.0, "step": null, "ts": 1629876979.9523242}]}, "version": 148}
{"obj": {"type": "LogFloats", "path": ["train", "accuracy"], "values": [{"value": 39.6, "step": null, "ts": 1629876979.952374}]}, "version": 149}
{"obj": {"type": "LogFloats", "path": ["train", "loss"], "values": [{"value": 26.400000000000002, "step": null, "ts": 1629876979.9524233}]}, "version": 150}
{"obj": {"type": "LogFloats", "path": ["train", "accuracy"], "values": [{"value": 40.199999999999996, "step": null, "ts": 1629876979.9524739}]}, "version": 151}
{"obj": {"type": "LogFloats", "path": ["train", "loss"], "values": [{"value": 26.8, "step": null, "ts": 1629876979.9525237}]}, "version": 152}
{"obj": {"type": "LogFloats", "path": ["train", "accuracy"], "values": [{"value": 40.8, "step": null, "ts": 1629876979.9525738}]}, "version": 153}
{"obj": {"type": "LogFloats", "path": ["train", "loss"], "values": [{"value": 27.200000000000003, "step": null, "ts": 1629876979.9526236}]}, "version": 154}
{"obj": {"type": "LogFloats", "path": ["train", "accuracy"], "values": [{"value": 41.4, "step": null, "ts": 1629876979.9526858}]}, "version": 155}
{"obj": {"type": "LogFloats", "path": ["train", "loss"], "values": [{"value": 27.6, "step": null, "ts": 1629876979.9527764}]}, "version": 156}
{"obj": {"type": "LogFloats", "path": ["train", "accuracy"], "values": [{"value": 42.0, "step": null, "ts": 1629876979.9528556}]}, "version": 157}
{"obj": {"type": "LogFloats", "path": ["train", "loss"], "values": [{"value": 28.0, "step": null, "ts": 1629876979.9529119}]}, "version": 158}
{"obj": {"type": "LogFloats", "path": ["train", "accuracy"], "values": [{"value": 42.6, "step": null, "ts": 1629876979.9529638}]}, "version": 159}
{"obj": {"type": "LogFloats", "path": ["train", "loss"], "values": [{"value": 28.400000000000002, "step": null, "ts": 1629876979.9530144}]}, "version": 160}
{"obj": {"type": "LogFloats", "path": ["train", "accuracy"], "values": [{"value": 43.199999999999996, "step": null, "ts": 1629876979.953065}]}, "version": 161}
{"obj": {"type": "LogFloats", "path": ["train", "loss"], "values": [{"value": 28.8, "step": null, "ts": 1629876979.9531157}]}, "version": 162}
{"obj": {"type": "LogFloats", "path": ["train", "accuracy"], "values": [{"value": 43.8, "step": null, "ts": 1629876979.9531655}]}, "version": 163}
{"obj": {"type": "LogFloats", "path": ["train", "loss"], "values": [{"value": 29.200000000000003, "step": null, "ts": 1629876979.953215}]}, "version": 164}
{"obj": {"type": "LogFloats", "path": ["train", "accuracy"], "values": [{"value": 44.4, "step": null, "ts": 1629876979.953267}]}, "version": 165}
{"obj": {"type": "LogFloats", "path": ["train", "loss"], "values": [{"value": 29.6, "step": null, "ts": 1629876979.9533174}]}, "version": 166}
{"obj": {"type": "LogFloats", "path": ["train", "accuracy"], "values": [{"value": 45.0, "step": null, "ts": 1629876979.9533684}]}, "version": 167}
{"obj": {"type": "LogFloats", "path": ["train", "loss"], "values": [{"value": 30.0, "step": null, "ts": 1629876979.9534183}]}, "version": 168}
{"obj": {"type": "LogFloats", "path": ["train", "accuracy"], "values": [{"value": 45.6, "step": null, "ts": 1629876979.9534683}]}, "version": 169}
{"obj": {"type": "LogFloats", "path": ["train", "loss"], "values": [{"value": 30.400000000000002, "step": null, "ts": 1629876979.9535184}]}, "version": 170}
{"obj": {"type": "LogFloats", "path": ["train", "accuracy"], "values": [{"value": 46.199999999999996, "step": null, "ts": 1629876979.9535692}]}, "version": 171}
{"obj": {"type": "LogFloats", "path": ["train", "loss"], "values": [{"value": 30.8, "step": null, "ts": 1629876979.9536366}]}, "version": 172}
{"obj": {"type": "LogFloats", "path": ["train", "accuracy"], "values": [{"value": 46.8, "step": null, "ts": 1629876979.9536867}]}, "version": 173}
{"obj": {"type": "LogFloats", "path": ["train", "loss"], "values": [{"value": 31.200000000000003, "step": null, "ts": 1629876979.9537368}]}, "version": 174}
{"obj": {"type": "LogFloats", "path": ["train", "accuracy"], "values": [{"value": 47.4, "step": null, "ts": 1629876979.9537866}]}, "version": 175}
{"obj": {"type": "LogFloats", "path": ["train", "loss"], "values": [{"value": 31.6, "step": null, "ts": 1629876979.9538362}]}, "version": 176}
{"obj": {"type": "LogFloats", "path": ["train", "accuracy"], "values": [{"value": 48.0, "step": null, "ts": 1629876979.9538858}]}, "version": 177}
{"obj": {"type": "LogFloats", "path": ["train", "loss"], "values": [{"value": 32.0, "step": null, "ts": 1629876979.9539354}]}, "version": 178}
{"obj": {"type": "LogFloats", "path": ["train", "accuracy"], "values": [{"value": 48.6, "step": null, "ts": 1629876979.953985}]}, "version": 179}
{"obj": {"type": "LogFloats", "path": ["train", "loss"], "values": [{"value": 32.4, "step": null, "ts": 1629876979.954035}]}, "version": 180}
{"obj": {"type": "LogFloats", "path": ["train", "accuracy"], "values": [{"value": 49.199999999999996, "step": null, "ts": 1629876979.9540846}]}, "version": 181}
{"obj": {"type": "LogFloats", "path": ["train", "loss"], "values": [{"value": 32.800000000000004, "step": null, "ts": 1629876979.954134}]}, "version": 182}
{"obj": {"type": "LogFloats", "path": ["train", "accuracy"], "values": [{"value": 49.8, "step": null, "ts": 1629876979.9541838}]}, "version": 183}
{"obj": {"type": "LogFloats", "path": ["train", "loss"], "values": [{"value": 33.2, "step": null, "ts": 1629876979.9542341}]}, "version": 184}
{"obj": {"type": "LogFloats", "path": ["train", "accuracy"], "values": [{"value": 50.4, "step": null, "ts": 1629876979.954284}]}, "version": 185}
{"obj": {"type": "LogFloats", "path": ["train", "loss"], "values": [{"value": 33.6, "step": null, "ts": 1629876979.954333}]}, "version": 186}
{"obj": {"type": "LogFloats", "path": ["train", "accuracy"], "values": [{"value": 51.0, "step": null, "ts": 1629876979.954383}]}, "version": 187}
{"obj": {"type": "LogFloats", "path": ["train", "loss"], "values": [{"value": 34.0, "step": null, "ts": 1629876979.9544322}]}, "version": 188}
{"obj": {"type": "LogFloats", "path": ["train", "accuracy"], "values": [{"value": 51.6, "step": null, "ts": 1629876979.954495}]}, "version": 189}
{"obj": {"type": "LogFloats", "path": ["train", "loss"], "values": [{"value": 34.4, "step": null, "ts": 1629876979.9545686}]}, "version": 190}
{"obj": {"type": "LogFloats", "path": ["train", "accuracy"], "values": [{"value": 52.199999999999996, "step": null, "ts": 1629876979.9546232}]}, "version": 191}
{"obj": {"type": "LogFloats", "path": ["train", "loss"], "values": [{"value": 34.800000000000004, "step": null, "ts": 1629876979.9546833}]}, "version": 192}
{"obj": {"type": "LogFloats", "path": ["train", "accuracy"], "values": [{"value": 52.8, "step": null, "ts": 1629876979.954765}]}, "version": 193}
{"obj": {"type": "LogFloats", "path": ["train", "loss"], "values": [{"value": 35.2, "step": null, "ts": 1629876979.95485}]}, "version": 194}
{"obj": {"type": "LogFloats", "path": ["train", "accuracy"], "values": [{"value": 53.4, "step": null, "ts": 1629876979.9549344}]}, "version": 195}
{"obj": {"type": "LogFloats", "path": ["train", "loss"], "values": [{"value": 35.6, "step": null, "ts": 1629876979.9550247}]}, "version": 196}
{"obj": {"type": "LogFloats", "path": ["train", "accuracy"], "values": [{"value": 54.0, "step": null, "ts": 1629876979.9551153}]}, "version": 197}
{"obj": {"type": "LogFloats", "path": ["train", "loss"], "values": [{"value": 36.0, "step": null, "ts": 1629876979.955201}]}, "version": 198}
{"obj": {"type": "LogFloats", "path": ["train", "accuracy"], "values": [{"value": 54.6, "step": null, "ts": 1629876979.9552891}]}, "version": 199}
{"obj": {"type": "LogFloats", "path": ["train", "loss"], "values": [{"value": 36.4, "step": null, "ts": 1629876979.9553785}]}, "version": 200}
{"obj": {"type": "LogFloats", "path": ["train", "accuracy"], "values": [{"value": 55.199999999999996, "step": null, "ts": 1629876979.9554644}]}, "version": 201}
{"obj": {"type": "LogFloats", "path": ["train", "loss"], "values": [{"value": 36.800000000000004, "step": null, "ts": 1629876979.955551}]}, "version": 202}
{"obj": {"type": "LogFloats", "path": ["train", "accuracy"], "values": [{"value": 55.8, "step": null, "ts": 1629876979.9556406}]}, "version": 203}
{"obj": {"type": "LogFloats", "path": ["train", "loss"], "values": [{"value": 37.2, "step": null, "ts": 1629876979.9557269}]}, "version": 204}
{"obj": {"type": "LogFloats", "path": ["train", "accuracy"], "values": [{"value": 56.4, "step": null, "ts": 1629876979.955818}]}, "version": 205}
{"obj": {"type": "LogFloats", "path": ["train", "loss"], "values": [{"value": 37.6, "step": null, "ts": 1629876979.9558964}]}, "version": 206}
{"obj": {"type": "LogFloats", "path": ["train", "accuracy"], "values": [{"value": 57.0, "step": null, "ts": 1629876979.9559712}]}, "version": 207}
{"obj": {"type": "LogFloats", "path": ["train", "loss"], "values": [{"value": 38.0, "step": null, "ts": 1629876979.9560442}]}, "version": 208}
{"obj": {"type": "LogFloats", "path": ["train", "accuracy"], "values": [{"value": 57.599999999999994, "step": null, "ts": 1629876979.95612}]}, "version": 209}
{"obj": {"type": "LogFloats", "path": ["train", "loss"], "values": [{"value": 38.400000000000006, "step": null, "ts": 1629876979.9562}]}, "version": 210}
{"obj": {"type": "LogFloats", "path": ["train", "accuracy"], "values": [{"value": 58.199999999999996, "step": null, "ts": 1629876979.9562702}]}, "version": 211}
{"obj": {"type": "LogFloats", "path": ["train", "loss"], "values": [{"value": 38.800000000000004, "step": null, "ts": 1629876979.9563236}]}, "version": 212}
{"obj": {"type": "LogFloats", "path": ["train", "accuracy"], "values": [{"value": 58.8, "step": null, "ts": 1629876979.956374}]}, "version": 213}
{"obj": {"type": "LogFloats", "path": ["train", "loss"], "values": [{"value": 39.2, "step": null, "ts": 1629876979.9564235}]}, "version": 214}
{"obj": {"type": "LogFloats", "path": ["train", "accuracy"], "values": [{"value": 59.4, "step": null, "ts": 1629876979.956473}]}, "version": 215}
{"obj": {"type": "LogFloats", "path": ["train", "loss"], "values": [{"value": 39.6, "step": null, "ts": 1629876979.9565222}]}, "version": 216}
{"obj": {"type": "AssignFloat", "path": ["f1_score"], "value": 0.66}, "version": 217}
{"obj": {"type": "LogStrings", "path": ["monitoring", "stdout"], "values": [{"value": "Shutting down background jobs, please wait a moment...\n", "step": null, "ts": 1629876979.9568133}]}, "version": 218}
